<?xml version="1.0" encoding="UTF-8"?>
<testsuite xmlns:xsi="http://www.w3.org/2001/XMLSchema-instance" xsi:noNamespaceSchemaLocation="https://maven.apache.org/surefire/maven-surefire-plugin/xsd/surefire-test-report.xsd" name="TestSuite" time="219.212" tests="4" errors="0" skipped="0" failures="2">
  <properties>
[...]
</properties>
  <testcase name="CanFind" classname="com.epam.ta.test.RepositoryManagementTests" time="52.806"/>
  <testcase name="CanFindandFilter" classname="com.epam.ta.test.RepositoryManagementTests" time="67.252"/>
  <testcase name="MessegeChek" classname="com.epam.ta.test.RepositoryManagementTests" time="53.091">
    <failure message="Expected condition failed: waiting for element to be clickable: Proxy element for: DefaultElementLocator &apos;By.xpath: //*[@id=&quot;root&quot;]/div/div/div/div[3]/div/div[2]/ul/li[3]/div/div/div[2]/span&apos; (tried for 7 second(s) with 500 milliseconds interval)" type="org.openqa.selenium.TimeoutException">org.openqa.selenium.TimeoutException: Expected condition failed: waiting for element to be clickable: Proxy element for: DefaultElementLocator 'By.xpath: //*[@id="root"]/div/div/div/div[3]/div/div[2]/ul/li[3]/div/div/div[2]/span' (tried for 7 second(s) with 500 milliseconds interval)
	at com.epam.ta.test.RepositoryManagementTests.MessegeChek(RepositoryManagementTests.java:56)
Caused by: org.openqa.selenium.NoSuchElementException: 
no such element: Unable to locate element: {"method":"xpath","selector":"//*[@id="root"]/div/div/div/div[3]/div/div[2]/ul/li[3]/div/div/div[2]/span"}
  (Session info: chrome=78.0.3904.108)
For documentation on this error, please visit: http://seleniumhq.org/exceptions/no_such_element.html
Build info: version: '3.141.0', revision: '2ecb7d9a', time: '2018-10-31T20:09:30'
System info: host: 'WINDOWS', ip: '192.168.5.1', os.name: 'Windows 10', os.arch: 'amd64', os.version: '10.0', java.version: '12.0.2'
Driver info: org.openqa.selenium.chrome.ChromeDriver
Capabilities {acceptInsecureCerts: false, browserName: chrome, browserVersion: 78.0.3904.108, chrome: {chromedriverVersion: 78.0.3904.105 (60e2d8774a81..., userDataDir: C:\Users\VADIMS~1\AppData\L...}, goog:chromeOptions: {debuggerAddress: localhost:58818}, javascriptEnabled: true, networkConnectionEnabled: false, pageLoadStrategy: normal, platform: XP, platformName: XP, proxy: Proxy(), setWindowRect: true, strictFileInteractability: false, timeouts: {implicit: 0, pageLoad: 300000, script: 30000}, unhandledPromptBehavior: dismiss and notify}
Session ID: 520a0c8cd1fcfd757d6767b6fbab174c
*** Element info: {Using=xpath, value=//*[@id="root"]/div/div/div/div[3]/div/div[2]/ul/li[3]/div/div/div[2]/span}
	at com.epam.ta.test.RepositoryManagementTests.MessegeChek(RepositoryManagementTests.java:56)
</failure>
    <system-out><![CDATA[2019-12-21 09:12:35,314 INFO  [main] com.epam.ta.page.LoginPage.openPage(LoginPage.java:54) Login page opened
2019-12-21 09:12:36,157 INFO  [main] com.epam.ta.page.LoginPage.login(LoginPage.java:62) logg in
2019-12-21 09:12:37,120 INFO  [main] com.epam.ta.page.LoginPage.login(LoginPage.java:67) pass in
]]></system-out>
    <system-err><![CDATA[Starting ChromeDriver 78.0.3904.105 (60e2d8774a8151efa6a00b1f358371b1e0e07ee2-refs/branch-heads/3904@{#877}) on port 8614
Only local connections are allowed.
Please protect ports used by ChromeDriver and related test frameworks to prevent access by malicious code.
дек. 21, 2019 9:12:22 AM org.openqa.selenium.remote.ProtocolHandshake createSession
INFO: Detected dialect: W3C
]]></system-err>
  </testcase>
  <testcase name="oneCanLoginGithub" classname="com.epam.ta.test.UserAccessTests" time="23.305">
    <failure message="Expected condition failed: waiting for element to be clickable: Proxy element for: DefaultElementLocator &apos;By.xpath: //*[@id=&quot;root&quot;]/div/div/div/div[3]/div/div[2]/ul/li[3]/div/div/div[2]/span&apos; (tried for 7 second(s) with 500 milliseconds interval)" type="org.openqa.selenium.TimeoutException">org.openqa.selenium.TimeoutException: Expected condition failed: waiting for element to be clickable: Proxy element for: DefaultElementLocator 'By.xpath: //*[@id="root"]/div/div/div/div[3]/div/div[2]/ul/li[3]/div/div/div[2]/span' (tried for 7 second(s) with 500 milliseconds interval)
	at com.epam.ta.test.UserAccessTests.oneCanLoginGithub(UserAccessTests.java:21)
Caused by: org.openqa.selenium.NoSuchElementException: 
no such element: Unable to locate element: {"method":"xpath","selector":"//*[@id="root"]/div/div/div/div[3]/div/div[2]/ul/li[3]/div/div/div[2]/span"}
  (Session info: chrome=78.0.3904.108)
For documentation on this error, please visit: http://seleniumhq.org/exceptions/no_such_element.html
Build info: version: '3.141.0', revision: '2ecb7d9a', time: '2018-10-31T20:09:30'
System info: host: 'WINDOWS', ip: '192.168.5.1', os.name: 'Windows 10', os.arch: 'amd64', os.version: '10.0', java.version: '12.0.2'
Driver info: org.openqa.selenium.chrome.ChromeDriver
Capabilities {acceptInsecureCerts: false, browserName: chrome, browserVersion: 78.0.3904.108, chrome: {chromedriverVersion: 78.0.3904.105 (60e2d8774a81..., userDataDir: C:\Users\VADIMS~1\AppData\L...}, goog:chromeOptions: {debuggerAddress: localhost:58925}, javascriptEnabled: true, networkConnectionEnabled: false, pageLoadStrategy: normal, platform: XP, platformName: XP, proxy: Proxy(), setWindowRect: true, strictFileInteractability: false, timeouts: {implicit: 0, pageLoad: 300000, script: 30000}, unhandledPromptBehavior: dismiss and notify}
Session ID: bf1423df980b380529c897b1ba485374
*** Element info: {Using=xpath, value=//*[@id="root"]/div/div/div/div[3]/div/div[2]/ul/li[3]/div/div/div[2]/span}
	at com.epam.ta.test.UserAccessTests.oneCanLoginGithub(UserAccessTests.java:21)
</failure>
    <system-out><![CDATA[2019-12-21 09:13:33,004 INFO  [main] com.epam.ta.page.LoginPage.openPage(LoginPage.java:54) Login page opened
2019-12-21 09:13:35,255 INFO  [main] com.epam.ta.page.LoginPage.login(LoginPage.java:62) logg in
2019-12-21 09:13:36,639 INFO  [main] com.epam.ta.page.LoginPage.login(LoginPage.java:67) pass in
]]></system-out>
    <system-err><![CDATA[Starting ChromeDriver 78.0.3904.105 (60e2d8774a8151efa6a00b1f358371b1e0e07ee2-refs/branch-heads/3904@{#877}) on port 39078
Only local connections are allowed.
Please protect ports used by ChromeDriver and related test frameworks to prevent access by malicious code.
дек. 21, 2019 9:13:20 AM org.openqa.selenium.remote.ProtocolHandshake createSession
INFO: Detected dialect: W3C
]]></system-err>
  </testcase>
</testsuite>